<?xml version="1.0" encoding="UTF-8"?>
<!-- Generated by org.testng.reporters.JUnitXMLReporter -->
<testsuite hostname="DESKTOP-GODS5UC" name="Default test" tests="5" failures="0" timestamp="13 Jun 2020 18:53:16 GMT" time="57.788" errors="0">
  <testcase name="BrowserSelection" time="8.185" classname="testcase.YatraSiteTestCase"/>
  <testcase name="Loadsite" time="14.961" classname="testcase.YatraSiteTestCase"/>
  <testcase name="login" time="10.548" classname="testcase.YatraSiteTestCase"/>
  <testcase name="searchCab" time="13.035" classname="testcase.YatraSiteTestCase"/>
  <testcase name="QuitBrowser" time="10.67" classname="testcase.YatraSiteTestCase"/>
</testsuite> <!-- Default test -->
