<?xml version="1.0" encoding="UTF-8"?>
<!-- Generated by org.testng.reporters.JUnitXMLReporter -->
<testsuite hostname="DESKTOP-GODS5UC" name="CabBooking" tests="6" failures="3" timestamp="14 Jun 2020 10:50:48 GMT" time="212.667" errors="0">
  <testcase name="BrowserSelection" time="8.23" classname="com.yatra.testCase.YatraSiteTestCase"/>
  <testcase name="Loadsite" time="18.557" classname="com.yatra.testCase.YatraSiteTestCase"/>
  <testcase name="login" time="180.49" classname="com.yatra.testCase.YatraSiteTestCase">
    <failure type="java.lang.AssertionError" message="Unable to locate element: myAccountDropDown_Xpath
For documentation on this error, please visit: https://www.seleniumhq.org/exceptions/no_such_element.html
Build info: version: &amp;apos;3.141.59&amp;apos;, revision: &amp;apos;e82be7d358&amp;apos;, time: &amp;apos;2018-11-14T08:17:03&amp;apos;
System info: host: &amp;apos;DESKTOP-GODS5UC&amp;apos;, ip: &amp;apos;192.168.43.148&amp;apos;, os.name: &amp;apos;Windows 10&amp;apos;, os.arch: &amp;apos;amd64&amp;apos;, os.version: &amp;apos;10.0&amp;apos;, java.version: &amp;apos;1.8.0_251&amp;apos;
Driver info: org.openqa.selenium.firefox.FirefoxDriver
Capabilities {acceptInsecureCerts: true, browserName: firefox, browserVersion: 76.0.1, javascriptEnabled: true, moz:accessibilityChecks: false, moz:buildID: 20200507114007, moz:geckodriverVersion: 0.26.0, moz:headless: false, moz:processID: 7184, moz:profile: C:\Users\Niyomi\AppData\Loc..., moz:shutdownTimeout: 60000, moz:useNonSpecCompliantPointerOrigin: false, moz:webdriverClick: true, pageLoadStrategy: normal, platform: WINDOWS, platformName: WINDOWS, platformVersion: 10.0, rotatable: false, setWindowRect: true, strictFileInteractability: false, timeouts: {implicit: 0, pageLoad: 300000, script: 30000}, unhandledPromptBehavior: dismiss and notify}
Session ID: b031f629-9139-424d-ab10-af6629e53005
*** Element info: {Using=xpath, value=myAccountDropDown_Xpath}">
      <![CDATA[java.lang.AssertionError: Unable to locate element: myAccountDropDown_Xpath
For documentation on this error, please visit: https://www.seleniumhq.org/exceptions/no_such_element.html
Build info: version: '3.141.59', revision: 'e82be7d358', time: '2018-11-14T08:17:03'
System info: host: 'DESKTOP-GODS5UC', ip: '192.168.43.148', os.name: 'Windows 10', os.arch: 'amd64', os.version: '10.0', java.version: '1.8.0_251'
Driver info: org.openqa.selenium.firefox.FirefoxDriver
Capabilities {acceptInsecureCerts: true, browserName: firefox, browserVersion: 76.0.1, javascriptEnabled: true, moz:accessibilityChecks: false, moz:buildID: 20200507114007, moz:geckodriverVersion: 0.26.0, moz:headless: false, moz:processID: 7184, moz:profile: C:\Users\Niyomi\AppData\Loc..., moz:shutdownTimeout: 60000, moz:useNonSpecCompliantPointerOrigin: false, moz:webdriverClick: true, pageLoadStrategy: normal, platform: WINDOWS, platformName: WINDOWS, platformVersion: 10.0, rotatable: false, setWindowRect: true, strictFileInteractability: false, timeouts: {implicit: 0, pageLoad: 300000, script: 30000}, unhandledPromptBehavior: dismiss and notify}
Session ID: b031f629-9139-424d-ab10-af6629e53005
*** Element info: {Using=xpath, value=myAccountDropDown_Xpath}
	at com.yatra.baseClass.PageBaseClass.reportFailure(PageBaseClass.java:198)
	at com.yatra.baseClass.PageBaseClass.getElement(PageBaseClass.java:155)
	at com.yatra.baseClass.PageBaseClass.elementClick(PageBaseClass.java:115)
	at com.yatra.webPages.LandingPage.clickLogin(LandingPage.java:17)
	at com.yatra.testCase.YatraSiteTestCase.login(YatraSiteTestCase.java:37)
... Removed 25 stack frames]]>
    </failure>
  </testcase> <!-- login -->
  <testcase name="searchCab" time="0.004" classname="com.yatra.testCase.YatraSiteTestCase">
    <failure type="java.lang.NullPointerException">
      <![CDATA[java.lang.NullPointerException
	at com.yatra.testCase.YatraSiteTestCase.searchCab(YatraSiteTestCase.java:52)
... Removed 24 stack frames]]>
    </failure>
  </testcase> <!-- searchCab -->
  <testcase name="ExcelWrite" time="0.008" classname="com.yatra.testCase.YatraSiteTestCase">
    <failure type="java.lang.NullPointerException">
      <![CDATA[java.lang.NullPointerException
	at com.yatra.testCase.YatraSiteTestCase.ExcelWrite(YatraSiteTestCase.java:59)
... Removed 24 stack frames]]>
    </failure>
  </testcase> <!-- ExcelWrite -->
  <testcase name="QuitBrowser" time="4.818" classname="com.yatra.testCase.YatraSiteTestCase"/>
</testsuite> <!-- CabBooking -->
