<?xml version="1.0" encoding="UTF-8"?>
<!-- Generated by org.testng.reporters.JUnitXMLReporter -->
<testsuite hostname="DESKTOP-GODS5UC" name="CabBookingRegression" tests="3" failures="3" timestamp="17 Jun 2020 05:59:02 GMT" time="0.027" errors="0">
  <testcase name="Loadsite" time="0.002" classname="com.yatra.testCase.YatraSiteRegressionTest">
    <failure type="java.lang.NullPointerException">
      <![CDATA[java.lang.NullPointerException
	at com.yatra.baseClass.PageBaseClass.openApplication(PageBaseClass.java:75)
	at com.yatra.testCase.YatraSiteRegressionTest.Loadsite(YatraSiteRegressionTest.java:35)
... Removed 24 stack frames]]>
    </failure>
  </testcase> <!-- Loadsite -->
  <testcase name="login" time="0.009" classname="com.yatra.testCase.YatraSiteRegressionTest">
    <failure type="java.lang.NullPointerException">
      <![CDATA[java.lang.NullPointerException
	at com.yatra.testCase.YatraSiteRegressionTest.login(YatraSiteRegressionTest.java:42)
... Removed 24 stack frames]]>
    </failure>
  </testcase> <!-- login -->
  <testcase name="searchCab" time="0.003" classname="com.yatra.testCase.YatraSiteRegressionTest">
    <failure type="java.lang.NullPointerException">
      <![CDATA[java.lang.NullPointerException
	at com.yatra.testCase.YatraSiteRegressionTest.searchCab(YatraSiteRegressionTest.java:57)
... Removed 24 stack frames]]>
    </failure>
  </testcase> <!-- searchCab -->
</testsuite> <!-- CabBookingRegression -->
