<?xml version="1.0" encoding="UTF-8"?>
<!-- Generated by org.testng.reporters.JUnitXMLReporter -->
<testsuite hostname="DESKTOP-GODS5UC" name="CabBookingSmoke" tests="3" failures="0" timestamp="20 Jun 2020 11:53:14 GMT" time="62.602" errors="0">
  <testcase name="Loadsite" time="13.147" classname="com.yatra.testCase.YatraSiteRegressionTest"/>
  <testcase name="login" time="10.48" classname="com.yatra.testCase.YatraSiteRegressionTest"/>
  <testcase name="searchCab" time="20.29" classname="com.yatra.testCase.YatraSiteRegressionTest"/>
</testsuite> <!-- CabBookingSmoke -->
