<?xml version="1.0" encoding="UTF-8"?>
<!-- Generated by org.testng.reporters.JUnitXMLReporter -->
<testsuite hostname="DESKTOP-GODS5UC" name="CabBookingSmoke" tests="4" failures="0" timestamp="17 Jun 2020 12:09:57 GMT" time="66.709" errors="0">
  <testcase name="Loadsite" time="11.949" classname="com.yatra.testCase.YatraSiteRegressionTest"/>
  <testcase name="login" time="11.558" classname="com.yatra.testCase.YatraSiteRegressionTest"/>
  <testcase name="searchCab" time="22.879" classname="com.yatra.testCase.YatraSiteRegressionTest"/>
  <testcase name="ExcelWrite" time="1.529" classname="com.yatra.testCase.YatraSiteRegressionTest"/>
</testsuite> <!-- CabBookingSmoke -->
