<?xml version="1.0" encoding="UTF-8"?>
<!-- Generated by org.testng.reporters.JUnitXMLReporter -->
<testsuite hostname="DESKTOP-GODS5UC" name="CabBooking" tests="4" failures="0" timestamp="16 Jun 2020 18:42:18 GMT" time="58.31" errors="0">
  <testcase name="BrowserSelection" time="7.846" classname="com.yatra.testCase.YatraSiteRegressionTest"/>
  <testcase name="Loadsite" time="14.796" classname="com.yatra.testCase.YatraSiteRegressionTest"/>
  <testcase name="searchCabSmoke" time="29.854" classname="com.yatra.testCase.YatraSiteRegressionTest"/>
  <testcase name="QuitBrowser" time="5.784" classname="com.yatra.testCase.YatraSiteRegressionTest"/>
</testsuite> <!-- CabBooking -->
