<?xml version="1.0" encoding="UTF-8"?>
<testng-results skipped="0" failed="0" total="4" passed="4">
  <reporter-output>
  </reporter-output>
  <suite name="com.yatra.testCase.YatraSiteRegressionTest" duration-ms="69315" started-at="2020-06-20T12:04:02Z" finished-at="2020-06-20T12:05:11Z">
    <groups>
      <group name="Smoke test">
        <method signature="YatraSiteRegressionTest.Loadsite()[pri:2, instance:com.yatra.testCase.YatraSiteRegressionTest@612679d6]" name="Loadsite" class="com.yatra.testCase.YatraSiteRegressionTest"/>
        <method signature="YatraSiteRegressionTest.searchCab()[pri:4, instance:com.yatra.testCase.YatraSiteRegressionTest@612679d6]" name="searchCab" class="com.yatra.testCase.YatraSiteRegressionTest"/>
      </group> <!-- Smoke test -->
      <group name="Full Testing">
        <method signature="YatraSiteRegressionTest.ExcelWrite()[pri:5, instance:com.yatra.testCase.YatraSiteRegressionTest@612679d6]" name="ExcelWrite" class="com.yatra.testCase.YatraSiteRegressionTest"/>
        <method signature="YatraSiteRegressionTest.Loadsite()[pri:2, instance:com.yatra.testCase.YatraSiteRegressionTest@612679d6]" name="Loadsite" class="com.yatra.testCase.YatraSiteRegressionTest"/>
        <method signature="YatraSiteRegressionTest.login()[pri:3, instance:com.yatra.testCase.YatraSiteRegressionTest@612679d6]" name="login" class="com.yatra.testCase.YatraSiteRegressionTest"/>
        <method signature="YatraSiteRegressionTest.searchCab()[pri:4, instance:com.yatra.testCase.YatraSiteRegressionTest@612679d6]" name="searchCab" class="com.yatra.testCase.YatraSiteRegressionTest"/>
      </group> <!-- Full Testing -->
      <group name="Regression test">
        <method signature="YatraSiteRegressionTest.Loadsite()[pri:2, instance:com.yatra.testCase.YatraSiteRegressionTest@612679d6]" name="Loadsite" class="com.yatra.testCase.YatraSiteRegressionTest"/>
        <method signature="YatraSiteRegressionTest.login()[pri:3, instance:com.yatra.testCase.YatraSiteRegressionTest@612679d6]" name="login" class="com.yatra.testCase.YatraSiteRegressionTest"/>
        <method signature="YatraSiteRegressionTest.searchCab()[pri:4, instance:com.yatra.testCase.YatraSiteRegressionTest@612679d6]" name="searchCab" class="com.yatra.testCase.YatraSiteRegressionTest"/>
      </group> <!-- Regression test -->
    </groups>
    <test name="Command line test" duration-ms="69315" started-at="2020-06-20T12:04:02Z" finished-at="2020-06-20T12:05:11Z">
      <class name="com.yatra.testCase.YatraSiteRegressionTest">
        <test-method status="PASS" signature="BrowserSelection()[pri:0, instance:com.yatra.testCase.YatraSiteRegressionTest@612679d6]" name="BrowserSelection" is-config="true" duration-ms="7557" started-at="2020-06-20T17:34:02Z" finished-at="2020-06-20T17:34:10Z">
          <reporter-output>
          </reporter-output>
        </test-method> <!-- BrowserSelection -->
        <test-method status="PASS" signature="Loadsite()[pri:2, instance:com.yatra.testCase.YatraSiteRegressionTest@612679d6]" name="Loadsite" duration-ms="16401" started-at="2020-06-20T17:34:10Z" description="Loading the site" finished-at="2020-06-20T17:34:26Z">
          <reporter-output>
          </reporter-output>
        </test-method> <!-- Loadsite -->
        <test-method status="PASS" signature="endReport()[pri:0, instance:com.yatra.testCase.YatraSiteRegressionTest@612679d6]" name="endReport" is-config="true" duration-ms="501" started-at="2020-06-20T17:34:26Z" finished-at="2020-06-20T17:34:27Z">
          <reporter-output>
          </reporter-output>
        </test-method> <!-- endReport -->
        <test-method status="PASS" signature="login()[pri:3, instance:com.yatra.testCase.YatraSiteRegressionTest@612679d6]" name="login" duration-ms="11909" started-at="2020-06-20T17:34:27Z" description="Logging in on the site" finished-at="2020-06-20T17:34:38Z">
          <reporter-output>
          </reporter-output>
        </test-method> <!-- login -->
        <test-method status="PASS" signature="endReport()[pri:0, instance:com.yatra.testCase.YatraSiteRegressionTest@612679d6]" name="endReport" is-config="true" duration-ms="84" started-at="2020-06-20T17:34:38Z" finished-at="2020-06-20T17:34:39Z">
          <reporter-output>
          </reporter-output>
        </test-method> <!-- endReport -->
        <test-method status="PASS" signature="searchCab()[pri:4, instance:com.yatra.testCase.YatraSiteRegressionTest@612679d6]" name="searchCab" duration-ms="21225" started-at="2020-06-20T17:34:39Z" description="Searching the Cab" finished-at="2020-06-20T17:35:00Z">
          <reporter-output>
          </reporter-output>
        </test-method> <!-- searchCab -->
        <test-method status="PASS" signature="endReport()[pri:0, instance:com.yatra.testCase.YatraSiteRegressionTest@612679d6]" name="endReport" is-config="true" duration-ms="46" started-at="2020-06-20T17:35:00Z" finished-at="2020-06-20T17:35:00Z">
          <reporter-output>
          </reporter-output>
        </test-method> <!-- endReport -->
        <test-method status="PASS" signature="ExcelWrite()[pri:5, instance:com.yatra.testCase.YatraSiteRegressionTest@612679d6]" name="ExcelWrite" duration-ms="1073" started-at="2020-06-20T17:35:00Z" description="Writing into the excel file" finished-at="2020-06-20T17:35:01Z">
          <reporter-output>
          </reporter-output>
        </test-method> <!-- ExcelWrite -->
        <test-method status="PASS" signature="endReport()[pri:0, instance:com.yatra.testCase.YatraSiteRegressionTest@612679d6]" name="endReport" is-config="true" duration-ms="53" started-at="2020-06-20T17:35:01Z" finished-at="2020-06-20T17:35:01Z">
          <reporter-output>
          </reporter-output>
        </test-method> <!-- endReport -->
        <test-method status="PASS" signature="QuitBrowser()[pri:0, instance:com.yatra.testCase.YatraSiteRegressionTest@612679d6]" name="QuitBrowser" is-config="true" duration-ms="10466" started-at="2020-06-20T17:35:01Z" finished-at="2020-06-20T17:35:11Z">
          <reporter-output>
          </reporter-output>
        </test-method> <!-- QuitBrowser -->
      </class> <!-- com.yatra.testCase.YatraSiteRegressionTest -->
    </test> <!-- Command line test -->
  </suite> <!-- com.yatra.testCase.YatraSiteRegressionTest -->
</testng-results>
