<?xml version="1.0" encoding="UTF-8"?>
<!-- Generated by org.testng.reporters.JUnitXMLReporter -->
<testsuite hostname="DESKTOP-GODS5UC" name="CabBooking" tests="5" failures="3" timestamp="13 Jun 2020 17:12:53 GMT" time="10.149" errors="0">
  <testcase name="BrowserSelection" time="7.086" classname="testcase.YatraSiteTestCase"/>
  <testcase name="Loadsite" time="0.002" classname="testcase.YatraSiteTestCase">
    <failure type="java.lang.NullPointerException" message="null value in entry: url=null">
      <![CDATA[java.lang.NullPointerException: null value in entry: url=null
	at com.google.common.collect.CollectPreconditions.checkEntryNotNull(CollectPreconditions.java:32)
	at com.google.common.collect.SingletonImmutableBiMap.<init>(SingletonImmutableBiMap.java:42)
	at com.google.common.collect.ImmutableBiMap.of(ImmutableBiMap.java:72)
	at com.google.common.collect.ImmutableMap.of(ImmutableMap.java:124)
	at org.openqa.selenium.remote.RemoteWebDriver.get(RemoteWebDriver.java:277)
	at baseClass.PageBaseClass.openApplication(PageBaseClass.java:80)
	at testcase.YatraSiteTestCase.Loadsite(YatraSiteTestCase.java:31)
... Removed 24 stack frames]]>
    </failure>
  </testcase> <!-- Loadsite -->
  <testcase name="login" time="0.0" classname="testcase.YatraSiteTestCase">
    <failure type="java.lang.NullPointerException">
      <![CDATA[java.lang.NullPointerException
	at testcase.YatraSiteTestCase.login(YatraSiteTestCase.java:37)
... Removed 24 stack frames]]>
    </failure>
  </testcase> <!-- login -->
  <testcase name="searchCab" time="0.0" classname="testcase.YatraSiteTestCase">
    <failure type="java.lang.NullPointerException">
      <![CDATA[java.lang.NullPointerException
	at testcase.YatraSiteTestCase.searchCab(YatraSiteTestCase.java:52)
... Removed 24 stack frames]]>
    </failure>
  </testcase> <!-- searchCab -->
  <testcase name="QuitBrowser" time="2.71" classname="testcase.YatraSiteTestCase"/>
</testsuite> <!-- CabBooking -->
