<?xml version="1.0" encoding="UTF-8"?>
<testng-results skipped="0" failed="0" total="3" passed="3">
  <reporter-output>
  </reporter-output>
  <suite name="Yatra Site Cab Booking Project" duration-ms="62602" started-at="2020-06-20T11:52:11Z" finished-at="2020-06-20T11:53:14Z">
    <groups>
      <group name="Smoke test">
        <method signature="YatraSiteRegressionTest.Loadsite()[pri:2, instance:com.yatra.testCase.YatraSiteRegressionTest@4bb4de6a]" name="Loadsite" class="com.yatra.testCase.YatraSiteRegressionTest"/>
        <method signature="YatraSiteRegressionTest.searchCab()[pri:4, instance:com.yatra.testCase.YatraSiteRegressionTest@4bb4de6a]" name="searchCab" class="com.yatra.testCase.YatraSiteRegressionTest"/>
      </group> <!-- Smoke test -->
      <group name="Full Testing">
        <method signature="YatraSiteRegressionTest.Loadsite()[pri:2, instance:com.yatra.testCase.YatraSiteRegressionTest@4bb4de6a]" name="Loadsite" class="com.yatra.testCase.YatraSiteRegressionTest"/>
        <method signature="YatraSiteRegressionTest.login()[pri:3, instance:com.yatra.testCase.YatraSiteRegressionTest@4bb4de6a]" name="login" class="com.yatra.testCase.YatraSiteRegressionTest"/>
        <method signature="YatraSiteRegressionTest.searchCab()[pri:4, instance:com.yatra.testCase.YatraSiteRegressionTest@4bb4de6a]" name="searchCab" class="com.yatra.testCase.YatraSiteRegressionTest"/>
      </group> <!-- Full Testing -->
      <group name="Regression test">
        <method signature="YatraSiteRegressionTest.Loadsite()[pri:2, instance:com.yatra.testCase.YatraSiteRegressionTest@4bb4de6a]" name="Loadsite" class="com.yatra.testCase.YatraSiteRegressionTest"/>
        <method signature="YatraSiteRegressionTest.login()[pri:3, instance:com.yatra.testCase.YatraSiteRegressionTest@4bb4de6a]" name="login" class="com.yatra.testCase.YatraSiteRegressionTest"/>
        <method signature="YatraSiteRegressionTest.searchCab()[pri:4, instance:com.yatra.testCase.YatraSiteRegressionTest@4bb4de6a]" name="searchCab" class="com.yatra.testCase.YatraSiteRegressionTest"/>
      </group> <!-- Regression test -->
    </groups>
    <test name="CabBookingSmoke" duration-ms="62602" started-at="2020-06-20T11:52:11Z" finished-at="2020-06-20T11:53:14Z">
      <class name="com.yatra.testCase.YatraSiteRegressionTest">
        <test-method status="PASS" signature="BrowserSelection()[pri:0, instance:com.yatra.testCase.YatraSiteRegressionTest@4bb4de6a]" name="BrowserSelection" is-config="true" duration-ms="7637" started-at="2020-06-20T17:22:11Z" finished-at="2020-06-20T17:22:19Z">
          <reporter-output>
          </reporter-output>
        </test-method> <!-- BrowserSelection -->
        <test-method status="PASS" signature="Loadsite()[pri:2, instance:com.yatra.testCase.YatraSiteRegressionTest@4bb4de6a]" name="Loadsite" duration-ms="13147" started-at="2020-06-20T17:22:19Z" description="Loading the site" finished-at="2020-06-20T17:22:32Z">
          <reporter-output>
          </reporter-output>
        </test-method> <!-- Loadsite -->
        <test-method status="PASS" signature="endReport()[pri:0, instance:com.yatra.testCase.YatraSiteRegressionTest@4bb4de6a]" name="endReport" is-config="true" duration-ms="456" started-at="2020-06-20T17:22:32Z" finished-at="2020-06-20T17:22:32Z">
          <reporter-output>
          </reporter-output>
        </test-method> <!-- endReport -->
        <test-method status="PASS" signature="login()[pri:3, instance:com.yatra.testCase.YatraSiteRegressionTest@4bb4de6a]" name="login" duration-ms="10480" started-at="2020-06-20T17:22:32Z" description="Logging in on the site" finished-at="2020-06-20T17:22:43Z">
          <reporter-output>
          </reporter-output>
        </test-method> <!-- login -->
        <test-method status="PASS" signature="endReport()[pri:0, instance:com.yatra.testCase.YatraSiteRegressionTest@4bb4de6a]" name="endReport" is-config="true" duration-ms="104" started-at="2020-06-20T17:22:43Z" finished-at="2020-06-20T17:22:43Z">
          <reporter-output>
          </reporter-output>
        </test-method> <!-- endReport -->
        <test-method status="PASS" signature="searchCab()[pri:4, instance:com.yatra.testCase.YatraSiteRegressionTest@4bb4de6a]" name="searchCab" duration-ms="20290" started-at="2020-06-20T17:22:43Z" description="Searching the Cab" finished-at="2020-06-20T17:23:03Z">
          <reporter-output>
          </reporter-output>
        </test-method> <!-- searchCab -->
        <test-method status="PASS" signature="endReport()[pri:0, instance:com.yatra.testCase.YatraSiteRegressionTest@4bb4de6a]" name="endReport" is-config="true" duration-ms="56" started-at="2020-06-20T17:23:03Z" finished-at="2020-06-20T17:23:03Z">
          <reporter-output>
          </reporter-output>
        </test-method> <!-- endReport -->
        <test-method status="PASS" signature="QuitBrowser()[pri:0, instance:com.yatra.testCase.YatraSiteRegressionTest@4bb4de6a]" name="QuitBrowser" is-config="true" duration-ms="10408" started-at="2020-06-20T17:23:03Z" finished-at="2020-06-20T17:23:14Z">
          <reporter-output>
          </reporter-output>
        </test-method> <!-- QuitBrowser -->
      </class> <!-- com.yatra.testCase.YatraSiteRegressionTest -->
    </test> <!-- CabBookingSmoke -->
  </suite> <!-- Yatra Site Cab Booking Project -->
</testng-results>
