<?xml version="1.0" encoding="UTF-8"?>
<testng-results skipped="0" failed="1" total="5" passed="4">
  <reporter-output>
  </reporter-output>
  <suite name="Default suite" duration-ms="61584" started-at="2020-06-13T17:23:07Z" finished-at="2020-06-13T17:24:08Z">
    <groups>
    </groups>
    <test name="Default test" duration-ms="61584" started-at="2020-06-13T17:23:07Z" finished-at="2020-06-13T17:24:08Z">
      <class name="testcase.YatraSiteTestCase">
        <test-method status="PASS" signature="BrowserSelection()[pri:1, instance:testcase.YatraSiteTestCase@42eca56e]" name="BrowserSelection" duration-ms="6521" started-at="2020-06-13T22:53:07Z" description="opens the browser" finished-at="2020-06-13T22:53:13Z">
          <reporter-output>
          </reporter-output>
        </test-method> <!-- BrowserSelection -->
        <test-method status="PASS" signature="Loadsite()[pri:2, instance:testcase.YatraSiteTestCase@42eca56e]" name="Loadsite" duration-ms="4103" started-at="2020-06-13T22:53:13Z" finished-at="2020-06-13T22:53:18Z">
          <reporter-output>
          </reporter-output>
        </test-method> <!-- Loadsite -->
        <test-method status="PASS" signature="login()[pri:3, instance:testcase.YatraSiteTestCase@42eca56e]" name="login" duration-ms="11861" started-at="2020-06-13T22:53:18Z" finished-at="2020-06-13T22:53:29Z">
          <reporter-output>
          </reporter-output>
        </test-method> <!-- login -->
        <test-method status="FAIL" signature="searchCab()[pri:4, instance:testcase.YatraSiteTestCase@42eca56e]" name="searchCab" duration-ms="36094" started-at="2020-06-13T22:53:29Z" finished-at="2020-06-13T22:54:05Z">
          <exception class="org.openqa.selenium.TimeoutException">
            <message>
              <![CDATA[Expected condition failed: waiting for visibility of all elements located by By.xpath: /html/body/div/div/div[2]/div/div/div[2]/div[1]/div[2]/div[1]/div/div/div/div/div/ul/li[1]/div/p (tried for 5 second(s) with 500 milliseconds interval)
Build info: version: '3.141.59', revision: 'e82be7d358', time: '2018-11-14T08:17:03'
System info: host: 'DESKTOP-GODS5UC', ip: '192.168.43.148', os.name: 'Windows 10', os.arch: 'amd64', os.version: '10.0', java.version: '1.8.0_251'
Driver info: org.openqa.selenium.chrome.ChromeDriver
Capabilities {acceptInsecureCerts: false, browserName: chrome, browserVersion: 83.0.4103.97, chrome: {chromedriverVersion: 83.0.4103.39 (ccbf011cb2d2b..., userDataDir: C:\Users\Niyomi\AppData\Loc...}, goog:chromeOptions: {debuggerAddress: localhost:59502}, javascriptEnabled: true, networkConnectionEnabled: false, pageLoadStrategy: normal, platform: WINDOWS, platformName: WINDOWS, proxy: Proxy(), setWindowRect: true, strictFileInteractability: false, timeouts: {implicit: 0, pageLoad: 300000, script: 30000}, unhandledPromptBehavior: dismiss and notify, webauthn:virtualAuthenticators: true}
Session ID: dd1820544ad335d5ed62711d0c35ccf9]]>
            </message>
            <full-stacktrace>
              <![CDATA[org.openqa.selenium.TimeoutException: Expected condition failed: waiting for visibility of all elements located by By.xpath: /html/body/div/div/div[2]/div/div/div[2]/div[1]/div[2]/div[1]/div/div/div/div/div/ul/li[1]/div/p (tried for 5 second(s) with 500 milliseconds interval)
Build info: version: '3.141.59', revision: 'e82be7d358', time: '2018-11-14T08:17:03'
System info: host: 'DESKTOP-GODS5UC', ip: '192.168.43.148', os.name: 'Windows 10', os.arch: 'amd64', os.version: '10.0', java.version: '1.8.0_251'
Driver info: org.openqa.selenium.chrome.ChromeDriver
Capabilities {acceptInsecureCerts: false, browserName: chrome, browserVersion: 83.0.4103.97, chrome: {chromedriverVersion: 83.0.4103.39 (ccbf011cb2d2b..., userDataDir: C:\Users\Niyomi\AppData\Loc...}, goog:chromeOptions: {debuggerAddress: localhost:59502}, javascriptEnabled: true, networkConnectionEnabled: false, pageLoadStrategy: normal, platform: WINDOWS, platformName: WINDOWS, proxy: Proxy(), setWindowRect: true, strictFileInteractability: false, timeouts: {implicit: 0, pageLoad: 300000, script: 30000}, unhandledPromptBehavior: dismiss and notify, webauthn:virtualAuthenticators: true}
Session ID: dd1820544ad335d5ed62711d0c35ccf9
	at org.openqa.selenium.support.ui.WebDriverWait.timeoutException(WebDriverWait.java:95)
	at org.openqa.selenium.support.ui.FluentWait.until(FluentWait.java:272)
	at yatraWebPages.CabBooking.searchCab(CabBooking.java:36)
	at testcase.YatraSiteTestCase.searchCab(YatraSiteTestCase.java:54)
	at sun.reflect.NativeMethodAccessorImpl.invoke0(Native Method)
	at sun.reflect.NativeMethodAccessorImpl.invoke(Unknown Source)
	at sun.reflect.DelegatingMethodAccessorImpl.invoke(Unknown Source)
	at java.lang.reflect.Method.invoke(Unknown Source)
	at org.testng.internal.MethodInvocationHelper.invokeMethod(MethodInvocationHelper.java:86)
	at org.testng.internal.Invoker.invokeMethod(Invoker.java:643)
	at org.testng.internal.Invoker.invokeTestMethod(Invoker.java:820)
	at org.testng.internal.Invoker.invokeTestMethods(Invoker.java:1128)
	at org.testng.internal.TestMethodWorker.invokeTestMethods(TestMethodWorker.java:129)
	at org.testng.internal.TestMethodWorker.run(TestMethodWorker.java:112)
	at org.testng.TestRunner.privateRun(TestRunner.java:782)
	at org.testng.TestRunner.run(TestRunner.java:632)
	at org.testng.SuiteRunner.runTest(SuiteRunner.java:366)
	at org.testng.SuiteRunner.runSequentially(SuiteRunner.java:361)
	at org.testng.SuiteRunner.privateRun(SuiteRunner.java:319)
	at org.testng.SuiteRunner.run(SuiteRunner.java:268)
	at org.testng.SuiteRunnerWorker.runSuite(SuiteRunnerWorker.java:52)
	at org.testng.SuiteRunnerWorker.run(SuiteRunnerWorker.java:86)
	at org.testng.TestNG.runSuitesSequentially(TestNG.java:1244)
	at org.testng.TestNG.runSuitesLocally(TestNG.java:1169)
	at org.testng.TestNG.run(TestNG.java:1064)
	at org.testng.remote.AbstractRemoteTestNG.run(AbstractRemoteTestNG.java:126)
	at org.testng.remote.RemoteTestNG.initAndRun(RemoteTestNG.java:137)
	at org.testng.remote.RemoteTestNG.main(RemoteTestNG.java:58)
]]>
            </full-stacktrace>
          </exception> <!-- org.openqa.selenium.TimeoutException -->
          <reporter-output>
          </reporter-output>
        </test-method> <!-- searchCab -->
        <test-method status="PASS" signature="QuitBrowser()[pri:5, instance:testcase.YatraSiteTestCase@42eca56e]" name="QuitBrowser" duration-ms="2591" started-at="2020-06-13T22:54:05Z" finished-at="2020-06-13T22:54:08Z">
          <reporter-output>
          </reporter-output>
        </test-method> <!-- QuitBrowser -->
        <test-method status="PASS" signature="endReport()[pri:0, instance:testcase.YatraSiteTestCase@42eca56e]" name="endReport" is-config="true" duration-ms="375" started-at="2020-06-13T22:54:08Z" finished-at="2020-06-13T22:54:08Z">
          <reporter-output>
          </reporter-output>
        </test-method> <!-- endReport -->
      </class> <!-- testcase.YatraSiteTestCase -->
    </test> <!-- Default test -->
  </suite> <!-- Default suite -->
</testng-results>
