<?xml version="1.0" encoding="UTF-8"?>
<!-- Generated by org.testng.reporters.JUnitXMLReporter -->
<testsuite hostname="DESKTOP-GODS5UC" name="Command line test" tests="4" failures="0" timestamp="20 Jun 2020 12:05:11 GMT" time="69.315" errors="0">
  <testcase name="Loadsite" time="16.401" classname="com.yatra.testCase.YatraSiteRegressionTest"/>
  <testcase name="login" time="11.909" classname="com.yatra.testCase.YatraSiteRegressionTest"/>
  <testcase name="searchCab" time="21.225" classname="com.yatra.testCase.YatraSiteRegressionTest"/>
  <testcase name="ExcelWrite" time="1.073" classname="com.yatra.testCase.YatraSiteRegressionTest"/>
</testsuite> <!-- Command line test -->
